<?xml version="1.0" encoding="UTF-8"?>
<coverage generated="1631199169">
  <project timestamp="1631199169">
    <file name="C:\xampp-7.4\htdocs\ipricegroup\php-cli-tool\src\Argument.php">
      <class name="Console\Argument" namespace="global">
        <metrics complexity="1" methods="1" coveredmethods="0" conditionals="0" coveredconditionals="0" statements="1" coveredstatements="0" elements="2" coveredelements="0"/>
      </class>
      <line num="13" type="method" name="__construct" visibility="public" complexity="1" crap="2" count="0"/>
      <line num="15" type="stmt" count="0"/>
      <metrics loc="17" ncloc="11" classes="1" methods="1" coveredmethods="0" conditionals="0" coveredconditionals="0" statements="1" coveredstatements="0" elements="2" coveredelements="0"/>
    </file>
    <file name="C:\xampp-7.4\htdocs\ipricegroup\php-cli-tool\src\Base.php">
      <class name="Console\Base" namespace="global">
        <metrics complexity="5" methods="4" coveredmethods="3" conditionals="0" coveredconditionals="0" statements="12" coveredstatements="11" elements="16" coveredelements="14"/>
      </class>
      <line num="37" type="method" name="__construct" visibility="public" complexity="1" crap="1" count="2"/>
      <line num="39" type="stmt" count="2"/>
      <line num="40" type="stmt" count="2"/>
      <line num="41" type="stmt" count="2"/>
      <line num="42" type="stmt" count="2"/>
      <line num="49" type="method" name="setUp" visibility="private" complexity="1" crap="1" count="2"/>
      <line num="51" type="stmt" count="2"/>
      <line num="52" type="stmt" count="2"/>
      <line num="53" type="stmt" count="2"/>
      <line num="54" type="stmt" count="2"/>
      <line num="55" type="stmt" count="2"/>
      <line num="64" type="method" name="outputToConsole" visibility="protected" complexity="2" crap="2" count="2"/>
      <line num="66" type="stmt" count="2"/>
      <line num="67" type="stmt" count="2"/>
      <line num="74" type="method" name="handle" visibility="public" complexity="1" crap="2" count="0"/>
      <line num="77" type="stmt" count="0"/>
      <metrics loc="78" ncloc="39" classes="1" methods="4" coveredmethods="3" conditionals="0" coveredconditionals="0" statements="12" coveredstatements="11" elements="16" coveredelements="14"/>
    </file>
    <file name="C:\xampp-7.4\htdocs\ipricegroup\php-cli-tool\src\Definition\Console.php">
      <class name="Console\Definition\Console" namespace="global">
        <metrics complexity="0" methods="0" coveredmethods="0" conditionals="0" coveredconditionals="0" statements="0" coveredstatements="0" elements="0" coveredelements="0"/>
      </class>
      <line num="8" type="stmt" count="1"/>
      <metrics loc="7" ncloc="7" classes="0" methods="0" coveredmethods="0" conditionals="0" coveredconditionals="0" statements="0" coveredstatements="0" elements="0" coveredelements="0"/>
    </file>
    <file name="C:\xampp-7.4\htdocs\ipricegroup\php-cli-tool\src\StringArgument.php">
      <class name="Console\StringArgument" namespace="global">
        <metrics complexity="14" methods="5" coveredmethods="0" conditionals="0" coveredconditionals="0" statements="34" coveredstatements="0" elements="39" coveredelements="0"/>
      </class>
      <line num="12" type="method" name="handle" visibility="public" complexity="2" crap="6" count="0"/>
      <line num="14" type="stmt" count="0"/>
      <line num="15" type="stmt" count="0"/>
      <line num="16" type="stmt" count="0"/>
      <line num="17" type="stmt" count="0"/>
      <line num="18" type="stmt" count="0"/>
      <line num="19" type="stmt" count="0"/>
      <line num="20" type="stmt" count="0"/>
      <line num="30" type="method" name="uppercase" visibility="private" complexity="1" crap="2" count="0"/>
      <line num="32" type="stmt" count="0"/>
      <line num="42" type="method" name="alternate" visibility="private" complexity="4" crap="20" count="0"/>
      <line num="44" type="stmt" count="0"/>
      <line num="45" type="stmt" count="0"/>
      <line num="46" type="stmt" count="0"/>
      <line num="47" type="stmt" count="0"/>
      <line num="48" type="stmt" count="0"/>
      <line num="51" type="stmt" count="0"/>
      <line num="54" type="stmt" count="0"/>
      <line num="66" type="method" name="export" visibility="private" complexity="4" crap="20" count="0"/>
      <line num="68" type="stmt" count="0"/>
      <line num="69" type="stmt" count="0"/>
      <line num="70" type="stmt" count="0"/>
      <line num="71" type="stmt" count="0"/>
      <line num="72" type="stmt" count="0"/>
      <line num="73" type="stmt" count="0"/>
      <line num="74" type="stmt" count="0"/>
      <line num="75" type="stmt" count="0"/>
      <line num="77" type="stmt" count="0"/>
      <line num="78" type="stmt" count="0"/>
      <line num="80" type="stmt" count="0"/>
      <line num="83" type="stmt" count="0"/>
      <line num="95" type="method" name="exportToCsv" visibility="private" complexity="3" crap="12" count="0"/>
      <line num="97" type="stmt" count="0"/>
      <line num="98" type="stmt" count="0"/>
      <line num="100" type="stmt" count="0"/>
      <line num="101" type="stmt" count="0"/>
      <line num="104" type="stmt" count="0"/>
      <line num="105" type="stmt" count="0"/>
      <line num="106" type="stmt" count="0"/>
      <metrics loc="109" ncloc="73" classes="1" methods="5" coveredmethods="0" conditionals="0" coveredconditionals="0" statements="34" coveredstatements="0" elements="39" coveredelements="0"/>
    </file>
    <metrics files="4" loc="211" ncloc="130" classes="3" methods="10" coveredmethods="3" conditionals="0" coveredconditionals="0" statements="47" coveredstatements="11" elements="57" coveredelements="14"/>
  </project>
</coverage>
